<?xml version="1.0" encoding="UTF-8"?>
<!-- Generated by org.testng.reporters.JUnitReportReporter -->
<testsuite skipped="0" hostname="LAPTOP-7SNHUO2H" name="Page_Elements.Login_Page" tests="1" failures="0" timestamp="13 Dec 2020 09:11:50 GMT" time="6.697" errors="0">
  <testcase name="setUp" time="6.697" classname="Page_Elements.Login_Page"/>
</testsuite> <!-- Page_Elements.Login_Page -->
