<?xml version="1.0" encoding="UTF-8"?>
<!-- Generated by org.testng.reporters.JUnitReportReporter -->
<testsuite skipped="0" hostname="LAPTOP-7SNHUO2H" name="Test_Case.Valid_User_Login" tests="1" failures="0" timestamp="13 Dec 2020 11:05:38 GMT" time="28.000" errors="0">
  <testcase name="Valid_user" time="28.000" classname="Test_Case.Valid_User_Login"/>
</testsuite> <!-- Test_Case.Valid_User_Login -->
